  main.cpp
c:\users\tausif\desktop\cs-uy 3113\hw6\nyucodebase\main.cpp(107): warning C4018: '<': signed/unsigned mismatch
c:\users\tausif\desktop\cs-uy 3113\hw6\nyucodebase\main.cpp(191): warning C4244: 'argument': conversion from 'double' to 'int', possible loss of data
c:\users\tausif\desktop\cs-uy 3113\hw6\nyucodebase\main.cpp(201): warning C4244: 'argument': conversion from 'double' to 'GLsizei', possible loss of data
c:\users\tausif\desktop\cs-uy 3113\hw6\nyucodebase\main.cpp(208): warning C4305: 'argument': truncation from 'double' to 'float'
c:\users\tausif\desktop\cs-uy 3113\hw6\nyucodebase\main.cpp(243): warning C4305: 'argument': truncation from 'double' to 'float'
c:\users\tausif\desktop\cs-uy 3113\hw6\nyucodebase\main.cpp(244): warning C4305: 'argument': truncation from 'double' to 'float'
c:\users\tausif\desktop\cs-uy 3113\hw6\nyucodebase\main.cpp(252): warning C4305: 'argument': truncation from 'double' to 'float'
c:\users\tausif\desktop\cs-uy 3113\hw6\nyucodebase\main.cpp(253): warning C4305: 'argument': truncation from 'double' to 'float'
c:\users\tausif\desktop\cs-uy 3113\hw6\nyucodebase\main.cpp(262): warning C4305: 'argument': truncation from 'double' to 'float'
c:\users\tausif\desktop\cs-uy 3113\hw6\nyucodebase\main.cpp(263): warning C4305: 'argument': truncation from 'double' to 'float'
c:\users\tausif\desktop\cs-uy 3113\hw6\nyucodebase\main.cpp(273): warning C4305: 'argument': truncation from 'double' to 'float'
c:\users\tausif\desktop\cs-uy 3113\hw6\nyucodebase\main.cpp(274): warning C4305: 'argument': truncation from 'double' to 'float'
c:\users\tausif\desktop\cs-uy 3113\hw6\nyucodebase\main.cpp(284): warning C4305: 'argument': truncation from 'double' to 'float'
c:\users\tausif\desktop\cs-uy 3113\hw6\nyucodebase\main.cpp(285): warning C4305: 'argument': truncation from 'double' to 'float'
c:\users\tausif\desktop\cs-uy 3113\hw6\nyucodebase\main.cpp(295): warning C4305: 'argument': truncation from 'double' to 'float'
c:\users\tausif\desktop\cs-uy 3113\hw6\nyucodebase\main.cpp(296): warning C4305: 'argument': truncation from 'double' to 'float'
c:\users\tausif\desktop\cs-uy 3113\hw6\nyucodebase\main.cpp(306): warning C4305: 'argument': truncation from 'double' to 'float'
c:\users\tausif\desktop\cs-uy 3113\hw6\nyucodebase\main.cpp(307): warning C4305: 'argument': truncation from 'double' to 'float'
c:\users\tausif\desktop\cs-uy 3113\hw6\nyucodebase\main.cpp(487): warning C4305: '=': truncation from 'double' to 'float'
c:\users\tausif\desktop\cs-uy 3113\hw6\nyucodebase\main.cpp(489): warning C4305: '=': truncation from 'double' to 'float'
c:\users\tausif\desktop\cs-uy 3113\hw6\nyucodebase\main.cpp(491): warning C4305: '=': truncation from 'double' to 'float'
c:\users\tausif\desktop\cs-uy 3113\hw6\nyucodebase\main.cpp(493): warning C4305: '=': truncation from 'double' to 'float'
c:\users\tausif\desktop\cs-uy 3113\hw6\nyucodebase\main.cpp(527): warning C4305: 'argument': truncation from 'double' to 'float'
c:\users\tausif\desktop\cs-uy 3113\hw6\nyucodebase\main.cpp(528): warning C4305: 'argument': truncation from 'double' to 'float'
c:\users\tausif\desktop\cs-uy 3113\hw6\nyucodebase\main.cpp(530): warning C4305: 'argument': truncation from 'double' to 'float'
c:\users\tausif\desktop\cs-uy 3113\hw6\nyucodebase\main.cpp(533): warning C4305: 'argument': truncation from 'double' to 'float'
c:\users\tausif\desktop\cs-uy 3113\hw6\nyucodebase\main.cpp(534): warning C4305: 'argument': truncation from 'double' to 'float'
c:\users\tausif\desktop\cs-uy 3113\hw6\nyucodebase\main.cpp(568): warning C4305: 'argument': truncation from 'double' to 'float'
c:\users\tausif\desktop\cs-uy 3113\hw6\nyucodebase\main.cpp(569): warning C4305: 'argument': truncation from 'double' to 'float'
c:\users\tausif\desktop\cs-uy 3113\hw6\nyucodebase\main.cpp(571): warning C4305: 'argument': truncation from 'double' to 'float'
c:\users\tausif\desktop\cs-uy 3113\hw6\nyucodebase\main.cpp(572): warning C4305: 'argument': truncation from 'double' to 'float'
c:\users\tausif\desktop\cs-uy 3113\hw6\nyucodebase\main.cpp(575): warning C4305: 'argument': truncation from 'double' to 'float'
c:\users\tausif\desktop\cs-uy 3113\hw6\nyucodebase\main.cpp(577): warning C4305: 'argument': truncation from 'double' to 'float'
c:\users\tausif\desktop\cs-uy 3113\hw6\nyucodebase\main.cpp(578): warning C4305: 'argument': truncation from 'double' to 'float'
c:\users\tausif\desktop\cs-uy 3113\hw6\nyucodebase\main.cpp(582): warning C4305: 'argument': truncation from 'double' to 'float'
c:\users\tausif\desktop\cs-uy 3113\hw6\nyucodebase\main.cpp(583): warning C4305: 'argument': truncation from 'double' to 'float'
c:\users\tausif\desktop\cs-uy 3113\hw6\nyucodebase\main.cpp(585): warning C4305: 'argument': truncation from 'double' to 'float'
c:\users\tausif\desktop\cs-uy 3113\hw6\nyucodebase\main.cpp(588): warning C4305: 'argument': truncation from 'double' to 'float'
c:\users\tausif\desktop\cs-uy 3113\hw6\nyucodebase\main.cpp(589): warning C4305: 'argument': truncation from 'double' to 'float'
c:\users\tausif\desktop\cs-uy 3113\hw6\nyucodebase\main.cpp(591): warning C4305: 'argument': truncation from 'double' to 'float'
c:\users\tausif\desktop\cs-uy 3113\hw6\nyucodebase\main.cpp(592): warning C4305: 'argument': truncation from 'double' to 'float'
  NYUCodebase.vcxproj -> C:\Users\Tausif\Desktop\CS-UY 3113\HW6\Debug\NYUCodebase.exe
