  main.cpp
c:\users\tausif\desktop\cs-uy 3113\hw3\nyucodebase\main.cpp(106): warning C4018: '<': signed/unsigned mismatch
c:\users\tausif\desktop\cs-uy 3113\hw3\nyucodebase\main.cpp(190): warning C4244: 'argument': conversion from 'double' to 'int', possible loss of data
c:\users\tausif\desktop\cs-uy 3113\hw3\nyucodebase\main.cpp(199): warning C4244: 'argument': conversion from 'double' to 'GLsizei', possible loss of data
c:\users\tausif\desktop\cs-uy 3113\hw3\nyucodebase\main.cpp(206): warning C4305: 'argument': truncation from 'double' to 'float'
c:\users\tausif\desktop\cs-uy 3113\hw3\nyucodebase\main.cpp(229): warning C4305: 'argument': truncation from 'double' to 'float'
c:\users\tausif\desktop\cs-uy 3113\hw3\nyucodebase\main.cpp(230): warning C4305: 'argument': truncation from 'double' to 'float'
c:\users\tausif\desktop\cs-uy 3113\hw3\nyucodebase\main.cpp(238): warning C4305: 'argument': truncation from 'double' to 'float'
c:\users\tausif\desktop\cs-uy 3113\hw3\nyucodebase\main.cpp(239): warning C4305: 'argument': truncation from 'double' to 'float'
c:\users\tausif\desktop\cs-uy 3113\hw3\nyucodebase\main.cpp(248): warning C4305: 'argument': truncation from 'double' to 'float'
c:\users\tausif\desktop\cs-uy 3113\hw3\nyucodebase\main.cpp(249): warning C4305: 'argument': truncation from 'double' to 'float'
c:\users\tausif\desktop\cs-uy 3113\hw3\nyucodebase\main.cpp(259): warning C4305: 'argument': truncation from 'double' to 'float'
c:\users\tausif\desktop\cs-uy 3113\hw3\nyucodebase\main.cpp(260): warning C4305: 'argument': truncation from 'double' to 'float'
c:\users\tausif\desktop\cs-uy 3113\hw3\nyucodebase\main.cpp(270): warning C4305: 'argument': truncation from 'double' to 'float'
c:\users\tausif\desktop\cs-uy 3113\hw3\nyucodebase\main.cpp(271): warning C4305: 'argument': truncation from 'double' to 'float'
c:\users\tausif\desktop\cs-uy 3113\hw3\nyucodebase\main.cpp(281): warning C4305: 'argument': truncation from 'double' to 'float'
c:\users\tausif\desktop\cs-uy 3113\hw3\nyucodebase\main.cpp(282): warning C4305: 'argument': truncation from 'double' to 'float'
c:\users\tausif\desktop\cs-uy 3113\hw3\nyucodebase\main.cpp(292): warning C4305: 'argument': truncation from 'double' to 'float'
c:\users\tausif\desktop\cs-uy 3113\hw3\nyucodebase\main.cpp(293): warning C4305: 'argument': truncation from 'double' to 'float'
c:\users\tausif\desktop\cs-uy 3113\hw3\nyucodebase\main.cpp(463): warning C4305: '=': truncation from 'double' to 'float'
c:\users\tausif\desktop\cs-uy 3113\hw3\nyucodebase\main.cpp(465): warning C4305: '=': truncation from 'double' to 'float'
c:\users\tausif\desktop\cs-uy 3113\hw3\nyucodebase\main.cpp(467): warning C4305: '=': truncation from 'double' to 'float'
c:\users\tausif\desktop\cs-uy 3113\hw3\nyucodebase\main.cpp(469): warning C4305: '=': truncation from 'double' to 'float'
c:\users\tausif\desktop\cs-uy 3113\hw3\nyucodebase\main.cpp(503): warning C4305: 'argument': truncation from 'double' to 'float'
c:\users\tausif\desktop\cs-uy 3113\hw3\nyucodebase\main.cpp(504): warning C4305: 'argument': truncation from 'double' to 'float'
c:\users\tausif\desktop\cs-uy 3113\hw3\nyucodebase\main.cpp(506): warning C4305: 'argument': truncation from 'double' to 'float'
c:\users\tausif\desktop\cs-uy 3113\hw3\nyucodebase\main.cpp(509): warning C4305: 'argument': truncation from 'double' to 'float'
c:\users\tausif\desktop\cs-uy 3113\hw3\nyucodebase\main.cpp(510): warning C4305: 'argument': truncation from 'double' to 'float'
c:\users\tausif\desktop\cs-uy 3113\hw3\nyucodebase\main.cpp(544): warning C4305: 'argument': truncation from 'double' to 'float'
c:\users\tausif\desktop\cs-uy 3113\hw3\nyucodebase\main.cpp(545): warning C4305: 'argument': truncation from 'double' to 'float'
c:\users\tausif\desktop\cs-uy 3113\hw3\nyucodebase\main.cpp(547): warning C4305: 'argument': truncation from 'double' to 'float'
c:\users\tausif\desktop\cs-uy 3113\hw3\nyucodebase\main.cpp(548): warning C4305: 'argument': truncation from 'double' to 'float'
c:\users\tausif\desktop\cs-uy 3113\hw3\nyucodebase\main.cpp(551): warning C4305: 'argument': truncation from 'double' to 'float'
c:\users\tausif\desktop\cs-uy 3113\hw3\nyucodebase\main.cpp(553): warning C4305: 'argument': truncation from 'double' to 'float'
c:\users\tausif\desktop\cs-uy 3113\hw3\nyucodebase\main.cpp(554): warning C4305: 'argument': truncation from 'double' to 'float'
c:\users\tausif\desktop\cs-uy 3113\hw3\nyucodebase\main.cpp(558): warning C4305: 'argument': truncation from 'double' to 'float'
c:\users\tausif\desktop\cs-uy 3113\hw3\nyucodebase\main.cpp(559): warning C4305: 'argument': truncation from 'double' to 'float'
c:\users\tausif\desktop\cs-uy 3113\hw3\nyucodebase\main.cpp(561): warning C4305: 'argument': truncation from 'double' to 'float'
c:\users\tausif\desktop\cs-uy 3113\hw3\nyucodebase\main.cpp(564): warning C4305: 'argument': truncation from 'double' to 'float'
c:\users\tausif\desktop\cs-uy 3113\hw3\nyucodebase\main.cpp(565): warning C4305: 'argument': truncation from 'double' to 'float'
c:\users\tausif\desktop\cs-uy 3113\hw3\nyucodebase\main.cpp(567): warning C4305: 'argument': truncation from 'double' to 'float'
c:\users\tausif\desktop\cs-uy 3113\hw3\nyucodebase\main.cpp(568): warning C4305: 'argument': truncation from 'double' to 'float'
  NYUCodebase.vcxproj -> C:\Users\Tausif\Desktop\CS-UY 3113\HW3\Debug\NYUCodebase.exe
