  main.cpp
c:\users\tausif\desktop\cs-uy 3113\final project\nyucodebase\main.cpp(77): warning C4244: 'return': conversion from 'double' to 'float', possible loss of data
c:\users\tausif\desktop\cs-uy 3113\final project\nyucodebase\main.cpp(92): warning C4244: 'argument': conversion from 'double' to 'float', possible loss of data
c:\users\tausif\desktop\cs-uy 3113\final project\nyucodebase\main.cpp(93): warning C4244: 'argument': conversion from 'double' to 'float', possible loss of data
c:\users\tausif\desktop\cs-uy 3113\final project\nyucodebase\main.cpp(135): warning C4018: '<': signed/unsigned mismatch
c:\users\tausif\desktop\cs-uy 3113\final project\nyucodebase\main.cpp(237): warning C4244: '+=': conversion from 'double' to 'float', possible loss of data
c:\users\tausif\desktop\cs-uy 3113\final project\nyucodebase\main.cpp(244): warning C4244: '-=': conversion from 'double' to 'float', possible loss of data
c:\users\tausif\desktop\cs-uy 3113\final project\nyucodebase\main.cpp(251): warning C4244: '+=': conversion from 'double' to 'float', possible loss of data
c:\users\tausif\desktop\cs-uy 3113\final project\nyucodebase\main.cpp(258): warning C4244: '-=': conversion from 'double' to 'float', possible loss of data
c:\users\tausif\desktop\cs-uy 3113\final project\nyucodebase\main.cpp(280): warning C4244: 'argument': conversion from 'double' to 'int', possible loss of data
c:\users\tausif\desktop\cs-uy 3113\final project\nyucodebase\main.cpp(291): warning C4244: 'argument': conversion from 'double' to 'GLsizei', possible loss of data
c:\users\tausif\desktop\cs-uy 3113\final project\nyucodebase\main.cpp(299): warning C4305: 'argument': truncation from 'double' to 'float'
c:\users\tausif\desktop\cs-uy 3113\final project\nyucodebase\main.cpp(348): warning C4305: 'argument': truncation from 'double' to 'float'
c:\users\tausif\desktop\cs-uy 3113\final project\nyucodebase\main.cpp(364): warning C4305: 'argument': truncation from 'double' to 'float'
c:\users\tausif\desktop\cs-uy 3113\final project\nyucodebase\main.cpp(371): warning C4305: 'argument': truncation from 'double' to 'float'
c:\users\tausif\desktop\cs-uy 3113\final project\nyucodebase\main.cpp(386): warning C4305: 'argument': truncation from 'double' to 'float'
c:\users\tausif\desktop\cs-uy 3113\final project\nyucodebase\main.cpp(399): warning C4305: 'argument': truncation from 'double' to 'float'
c:\users\tausif\desktop\cs-uy 3113\final project\nyucodebase\main.cpp(401): warning C4305: 'argument': truncation from 'double' to 'float'
c:\users\tausif\desktop\cs-uy 3113\final project\nyucodebase\main.cpp(402): warning C4305: 'argument': truncation from 'double' to 'float'
c:\users\tausif\desktop\cs-uy 3113\final project\nyucodebase\main.cpp(403): warning C4305: 'argument': truncation from 'double' to 'float'
c:\users\tausif\desktop\cs-uy 3113\final project\nyucodebase\main.cpp(404): warning C4305: 'argument': truncation from 'double' to 'float'
c:\users\tausif\desktop\cs-uy 3113\final project\nyucodebase\main.cpp(410): warning C4305: 'argument': truncation from 'double' to 'float'
c:\users\tausif\desktop\cs-uy 3113\final project\nyucodebase\main.cpp(412): warning C4305: 'argument': truncation from 'double' to 'float'
c:\users\tausif\desktop\cs-uy 3113\final project\nyucodebase\main.cpp(413): warning C4305: 'argument': truncation from 'double' to 'float'
c:\users\tausif\desktop\cs-uy 3113\final project\nyucodebase\main.cpp(419): warning C4305: 'argument': truncation from 'double' to 'float'
c:\users\tausif\desktop\cs-uy 3113\final project\nyucodebase\main.cpp(1291): warning C4244: 'argument': conversion from 'double' to 'float', possible loss of data
c:\users\tausif\desktop\cs-uy 3113\final project\nyucodebase\main.cpp(1314): warning C4305: 'argument': truncation from 'double' to 'float'
c:\users\tausif\desktop\cs-uy 3113\final project\nyucodebase\main.cpp(1315): warning C4305: 'argument': truncation from 'double' to 'float'
c:\users\tausif\desktop\cs-uy 3113\final project\nyucodebase\main.cpp(1317): warning C4305: 'argument': truncation from 'double' to 'float'
c:\users\tausif\desktop\cs-uy 3113\final project\nyucodebase\main.cpp(1318): warning C4305: 'argument': truncation from 'double' to 'float'
c:\users\tausif\desktop\cs-uy 3113\final project\nyucodebase\main.cpp(1335): warning C4305: 'argument': truncation from 'double' to 'float'
c:\users\tausif\desktop\cs-uy 3113\final project\nyucodebase\main.cpp(1336): warning C4305: 'argument': truncation from 'double' to 'float'
c:\users\tausif\desktop\cs-uy 3113\final project\nyucodebase\main.cpp(1338): warning C4305: 'argument': truncation from 'double' to 'float'
c:\users\tausif\desktop\cs-uy 3113\final project\nyucodebase\main.cpp(1339): warning C4305: 'argument': truncation from 'double' to 'float'
c:\users\tausif\desktop\cs-uy 3113\final project\nyucodebase\main.cpp(1341): warning C4305: 'argument': truncation from 'double' to 'float'
c:\users\tausif\desktop\cs-uy 3113\final project\nyucodebase\main.cpp(1342): warning C4305: 'argument': truncation from 'double' to 'float'
c:\users\tausif\desktop\cs-uy 3113\final project\nyucodebase\main.cpp(1344): warning C4305: 'argument': truncation from 'double' to 'float'
c:\users\tausif\desktop\cs-uy 3113\final project\nyucodebase\main.cpp(1345): warning C4305: 'argument': truncation from 'double' to 'float'
c:\users\tausif\desktop\cs-uy 3113\final project\nyucodebase\main.cpp(1347): warning C4305: 'argument': truncation from 'double' to 'float'
c:\users\tausif\desktop\cs-uy 3113\final project\nyucodebase\main.cpp(1349): warning C4305: 'argument': truncation from 'double' to 'float'
c:\users\tausif\desktop\cs-uy 3113\final project\nyucodebase\main.cpp(1352): warning C4305: 'argument': truncation from 'double' to 'float'
c:\users\tausif\desktop\cs-uy 3113\final project\nyucodebase\main.cpp(1355): warning C4305: 'argument': truncation from 'double' to 'float'
c:\users\tausif\desktop\cs-uy 3113\final project\nyucodebase\main.cpp(1357): warning C4305: 'argument': truncation from 'double' to 'float'
c:\users\tausif\desktop\cs-uy 3113\final project\nyucodebase\main.cpp(1360): warning C4305: 'argument': truncation from 'double' to 'float'
c:\users\tausif\desktop\cs-uy 3113\final project\nyucodebase\main.cpp(1362): warning C4305: 'argument': truncation from 'double' to 'float'
c:\users\tausif\desktop\cs-uy 3113\final project\nyucodebase\main.cpp(1365): warning C4305: 'argument': truncation from 'double' to 'float'
c:\users\tausif\desktop\cs-uy 3113\final project\nyucodebase\main.cpp(1367): warning C4305: 'argument': truncation from 'double' to 'float'
c:\users\tausif\desktop\cs-uy 3113\final project\nyucodebase\main.cpp(1370): warning C4305: 'argument': truncation from 'double' to 'float'
c:\users\tausif\desktop\cs-uy 3113\final project\nyucodebase\main.cpp(1372): warning C4305: 'argument': truncation from 'double' to 'float'
c:\users\tausif\desktop\cs-uy 3113\final project\nyucodebase\main.cpp(1375): warning C4305: 'argument': truncation from 'double' to 'float'
c:\users\tausif\desktop\cs-uy 3113\final project\nyucodebase\main.cpp(1377): warning C4305: 'argument': truncation from 'double' to 'float'
c:\users\tausif\desktop\cs-uy 3113\final project\nyucodebase\main.cpp(1380): warning C4305: 'argument': truncation from 'double' to 'float'
c:\users\tausif\desktop\cs-uy 3113\final project\nyucodebase\main.cpp(1383): warning C4305: 'argument': truncation from 'double' to 'float'
c:\users\tausif\desktop\cs-uy 3113\final project\nyucodebase\main.cpp(1384): warning C4305: 'argument': truncation from 'double' to 'float'
c:\users\tausif\desktop\cs-uy 3113\final project\nyucodebase\main.cpp(1386): warning C4305: 'argument': truncation from 'double' to 'float'
c:\users\tausif\desktop\cs-uy 3113\final project\nyucodebase\main.cpp(1387): warning C4305: 'argument': truncation from 'double' to 'float'
c:\users\tausif\desktop\cs-uy 3113\final project\nyucodebase\main.cpp(1405): warning C4305: 'argument': truncation from 'double' to 'float'
c:\users\tausif\desktop\cs-uy 3113\final project\nyucodebase\main.cpp(1406): warning C4305: 'argument': truncation from 'double' to 'float'
c:\users\tausif\desktop\cs-uy 3113\final project\nyucodebase\main.cpp(1408): warning C4305: 'argument': truncation from 'double' to 'float'
c:\users\tausif\desktop\cs-uy 3113\final project\nyucodebase\main.cpp(1409): warning C4305: 'argument': truncation from 'double' to 'float'
c:\users\tausif\desktop\cs-uy 3113\final project\nyucodebase\main.cpp(1411): warning C4305: 'argument': truncation from 'double' to 'float'
c:\users\tausif\desktop\cs-uy 3113\final project\nyucodebase\main.cpp(1412): warning C4305: 'argument': truncation from 'double' to 'float'
c:\users\tausif\desktop\cs-uy 3113\final project\nyucodebase\main.cpp(1414): warning C4305: 'argument': truncation from 'double' to 'float'
c:\users\tausif\desktop\cs-uy 3113\final project\nyucodebase\main.cpp(1415): warning C4305: 'argument': truncation from 'double' to 'float'
c:\users\tausif\desktop\cs-uy 3113\final project\nyucodebase\main.cpp(1417): warning C4305: 'argument': truncation from 'double' to 'float'
c:\users\tausif\desktop\cs-uy 3113\final project\nyucodebase\main.cpp(1419): warning C4305: 'argument': truncation from 'double' to 'float'
c:\users\tausif\desktop\cs-uy 3113\final project\nyucodebase\main.cpp(1422): warning C4305: 'argument': truncation from 'double' to 'float'
c:\users\tausif\desktop\cs-uy 3113\final project\nyucodebase\main.cpp(1425): warning C4305: 'argument': truncation from 'double' to 'float'
c:\users\tausif\desktop\cs-uy 3113\final project\nyucodebase\main.cpp(1427): warning C4305: 'argument': truncation from 'double' to 'float'
c:\users\tausif\desktop\cs-uy 3113\final project\nyucodebase\main.cpp(1430): warning C4305: 'argument': truncation from 'double' to 'float'
c:\users\tausif\desktop\cs-uy 3113\final project\nyucodebase\main.cpp(1432): warning C4305: 'argument': truncation from 'double' to 'float'
c:\users\tausif\desktop\cs-uy 3113\final project\nyucodebase\main.cpp(1435): warning C4305: 'argument': truncation from 'double' to 'float'
c:\users\tausif\desktop\cs-uy 3113\final project\nyucodebase\main.cpp(1437): warning C4305: 'argument': truncation from 'double' to 'float'
c:\users\tausif\desktop\cs-uy 3113\final project\nyucodebase\main.cpp(1440): warning C4305: 'argument': truncation from 'double' to 'float'
c:\users\tausif\desktop\cs-uy 3113\final project\nyucodebase\main.cpp(1442): warning C4305: 'argument': truncation from 'double' to 'float'
c:\users\tausif\desktop\cs-uy 3113\final project\nyucodebase\main.cpp(1445): warning C4305: 'argument': truncation from 'double' to 'float'
c:\users\tausif\desktop\cs-uy 3113\final project\nyucodebase\main.cpp(1447): warning C4305: 'argument': truncation from 'double' to 'float'
c:\users\tausif\desktop\cs-uy 3113\final project\nyucodebase\main.cpp(1450): warning C4305: 'argument': truncation from 'double' to 'float'
c:\users\tausif\desktop\cs-uy 3113\final project\nyucodebase\main.cpp(1453): warning C4305: 'argument': truncation from 'double' to 'float'
c:\users\tausif\desktop\cs-uy 3113\final project\nyucodebase\main.cpp(1454): warning C4305: 'argument': truncation from 'double' to 'float'
c:\users\tausif\desktop\cs-uy 3113\final project\nyucodebase\main.cpp(1456): warning C4305: 'argument': truncation from 'double' to 'float'
c:\users\tausif\desktop\cs-uy 3113\final project\nyucodebase\main.cpp(1457): warning C4305: 'argument': truncation from 'double' to 'float'
c:\users\tausif\desktop\cs-uy 3113\final project\nyucodebase\main.cpp(1475): warning C4305: 'argument': truncation from 'double' to 'float'
c:\users\tausif\desktop\cs-uy 3113\final project\nyucodebase\main.cpp(1476): warning C4305: 'argument': truncation from 'double' to 'float'
c:\users\tausif\desktop\cs-uy 3113\final project\nyucodebase\main.cpp(1478): warning C4305: 'argument': truncation from 'double' to 'float'
c:\users\tausif\desktop\cs-uy 3113\final project\nyucodebase\main.cpp(1479): warning C4305: 'argument': truncation from 'double' to 'float'
c:\users\tausif\desktop\cs-uy 3113\final project\nyucodebase\main.cpp(1481): warning C4305: 'argument': truncation from 'double' to 'float'
c:\users\tausif\desktop\cs-uy 3113\final project\nyucodebase\main.cpp(1482): warning C4305: 'argument': truncation from 'double' to 'float'
c:\users\tausif\desktop\cs-uy 3113\final project\nyucodebase\main.cpp(1484): warning C4305: 'argument': truncation from 'double' to 'float'
c:\users\tausif\desktop\cs-uy 3113\final project\nyucodebase\main.cpp(1485): warning C4305: 'argument': truncation from 'double' to 'float'
c:\users\tausif\desktop\cs-uy 3113\final project\nyucodebase\main.cpp(1487): warning C4305: 'argument': truncation from 'double' to 'float'
c:\users\tausif\desktop\cs-uy 3113\final project\nyucodebase\main.cpp(1489): warning C4305: 'argument': truncation from 'double' to 'float'
c:\users\tausif\desktop\cs-uy 3113\final project\nyucodebase\main.cpp(1492): warning C4305: 'argument': truncation from 'double' to 'float'
c:\users\tausif\desktop\cs-uy 3113\final project\nyucodebase\main.cpp(1495): warning C4305: 'argument': truncation from 'double' to 'float'
c:\users\tausif\desktop\cs-uy 3113\final project\nyucodebase\main.cpp(1497): warning C4305: 'argument': truncation from 'double' to 'float'
c:\users\tausif\desktop\cs-uy 3113\final project\nyucodebase\main.cpp(1500): warning C4305: 'argument': truncation from 'double' to 'float'
c:\users\tausif\desktop\cs-uy 3113\final project\nyucodebase\main.cpp(1502): warning C4305: 'argument': truncation from 'double' to 'float'
c:\users\tausif\desktop\cs-uy 3113\final project\nyucodebase\main.cpp(1505): warning C4305: 'argument': truncation from 'double' to 'float'
c:\users\tausif\desktop\cs-uy 3113\final project\nyucodebase\main.cpp(1507): warning C4305: 'argument': truncation from 'double' to 'float'
c:\users\tausif\desktop\cs-uy 3113\final project\nyucodebase\main.cpp(1510): warning C4305: 'argument': truncation from 'double' to 'float'
c:\users\tausif\desktop\cs-uy 3113\final project\nyucodebase\main.cpp(1512): warning C4305: 'argument': truncation from 'double' to 'float'
c:\users\tausif\desktop\cs-uy 3113\final project\nyucodebase\main.cpp(1515): warning C4305: 'argument': truncation from 'double' to 'float'
c:\users\tausif\desktop\cs-uy 3113\final project\nyucodebase\main.cpp(1517): warning C4305: 'argument': truncation from 'double' to 'float'
c:\users\tausif\desktop\cs-uy 3113\final project\nyucodebase\main.cpp(1520): warning C4305: 'argument': truncation from 'double' to 'float'
c:\users\tausif\desktop\cs-uy 3113\final project\nyucodebase\main.cpp(1523): warning C4305: 'argument': truncation from 'double' to 'float'
c:\users\tausif\desktop\cs-uy 3113\final project\nyucodebase\main.cpp(1524): warning C4305: 'argument': truncation from 'double' to 'float'
c:\users\tausif\desktop\cs-uy 3113\final project\nyucodebase\main.cpp(1526): warning C4305: 'argument': truncation from 'double' to 'float'
c:\users\tausif\desktop\cs-uy 3113\final project\nyucodebase\main.cpp(1527): warning C4305: 'argument': truncation from 'double' to 'float'
c:\users\tausif\desktop\cs-uy 3113\final project\nyucodebase\main.cpp(1533): warning C4305: 'argument': truncation from 'double' to 'float'
c:\users\tausif\desktop\cs-uy 3113\final project\nyucodebase\main.cpp(1535): warning C4305: 'argument': truncation from 'double' to 'float'
c:\users\tausif\desktop\cs-uy 3113\final project\nyucodebase\main.cpp(1537): warning C4305: 'argument': truncation from 'double' to 'float'
c:\users\tausif\desktop\cs-uy 3113\final project\nyucodebase\main.cpp(1540): warning C4305: 'argument': truncation from 'double' to 'float'
  NYUCodebase.vcxproj -> C:\Users\Tausif\Desktop\CS-UY 3113\Final Project\Debug\NYUCodebase.exe
